0 info it worked if it ends with ok
1 verbose cli [ '/home/ohpyupi/.nvm/versions/node/v6.2.0/bin/node',
1 verbose cli   '/home/ohpyupi/.nvm/versions/node/v6.2.0/bin/npm',
1 verbose cli   'start' ]
2 info using npm@3.10.5
3 info using node@v6.2.0
4 verbose run-script [ 'prestart', 'start', 'poststart' ]
5 info lifecycle sally@0.0.1~prestart: sally@0.0.1
6 silly lifecycle sally@0.0.1~prestart: no script for prestart, continuing
7 info lifecycle sally@0.0.1~start: sally@0.0.1
8 verbose lifecycle sally@0.0.1~start: unsafe-perm in lifecycle true
9 verbose lifecycle sally@0.0.1~start: PATH: /home/ohpyupi/.nvm/versions/node/v6.2.0/lib/node_modules/npm/bin/node-gyp-bin:/home/ohpyupi/ohpyupiDev/pkgs/sally/node_modules/.bin:/home/ohpyupi/.nvm/versions/node/v6.2.0/bin:/usr/local/heroku/bin:/home/ohpyupi/.nvm/versions/node/v6.2.0/bin:/usr/local/sbin:/usr/local/bin:/usr/sbin:/usr/bin:/sbin:/bin:/usr/games:/usr/local/games:/snap/bin
10 verbose lifecycle sally@0.0.1~start: CWD: /home/ohpyupi/ohpyupiDev/pkgs/sally
11 silly lifecycle sally@0.0.1~start: Args: [ '-c', 'node app.js' ]
12 silly lifecycle sally@0.0.1~start: Returned: code: 1  signal: null
13 info lifecycle sally@0.0.1~start: Failed to exec start script
14 verbose stack Error: sally@0.0.1 start: `node app.js`
14 verbose stack Exit status 1
14 verbose stack     at EventEmitter.<anonymous> (/home/ohpyupi/.nvm/versions/node/v6.2.0/lib/node_modules/npm/lib/utils/lifecycle.js:242:16)
14 verbose stack     at emitTwo (events.js:106:13)
14 verbose stack     at EventEmitter.emit (events.js:191:7)
14 verbose stack     at ChildProcess.<anonymous> (/home/ohpyupi/.nvm/versions/node/v6.2.0/lib/node_modules/npm/lib/utils/spawn.js:40:14)
14 verbose stack     at emitTwo (events.js:106:13)
14 verbose stack     at ChildProcess.emit (events.js:191:7)
14 verbose stack     at maybeClose (internal/child_process.js:850:16)
14 verbose stack     at Process.ChildProcess._handle.onexit (internal/child_process.js:215:5)
15 verbose pkgid sally@0.0.1
16 verbose cwd /home/ohpyupi/ohpyupiDev/pkgs/sally
17 error Linux 4.4.0-38-generic
18 error argv "/home/ohpyupi/.nvm/versions/node/v6.2.0/bin/node" "/home/ohpyupi/.nvm/versions/node/v6.2.0/bin/npm" "start"
19 error node v6.2.0
20 error npm  v3.10.5
21 error code ELIFECYCLE
22 error sally@0.0.1 start: `node app.js`
22 error Exit status 1
23 error Failed at the sally@0.0.1 start script 'node app.js'.
23 error Make sure you have the latest version of node.js and npm installed.
23 error If you do, this is most likely a problem with the sally package,
23 error not with npm itself.
23 error Tell the author that this fails on your system:
23 error     node app.js
23 error You can get information on how to open an issue for this project with:
23 error     npm bugs sally
23 error Or if that isn't available, you can get their info via:
23 error     npm owner ls sally
23 error There is likely additional logging output above.
24 verbose exit [ 1, true ]
